<?xml version="1.0" encoding="UTF-8"?>
<testsuite xmlns:xsi="http://www.w3.org/2001/XMLSchema-instance" xsi:noNamespaceSchemaLocation="https://maven.apache.org/surefire/maven-surefire-plugin/xsd/surefire-test-report.xsd" name="FoodListTest" time="0.001" tests="3" errors="0" skipped="0" failures="1">
  <properties>
[...]
</properties>
  <testcase name="testIfFoodListIsGettingSortedAutomatically" classname="FoodListTest" time="0"/>
  <testcase name="testIfFoodListIsImmutableForClients" classname="FoodListTest" time="0"/>
  <testcase name="testRemovingIndexOutOfBounds" classname="FoodListTest" time="0.001">
    <failure message="Unexpected exception thrown: java.lang.IndexOutOfBoundsException: Index 999 out of bounds for length 1" type="org.opentest4j.AssertionFailedError">org.opentest4j.AssertionFailedError: Unexpected exception thrown: java.lang.IndexOutOfBoundsException: Index 999 out of bounds for length 1
	at FoodListTest.testRemovingIndexOutOfBounds(FoodListTest.java:36)
Caused by: java.lang.IndexOutOfBoundsException: Index 999 out of bounds for length 1
	at FoodListTest.lambda$testRemovingIndexOutOfBounds$0(FoodListTest.java:36)
	at FoodListTest.testRemovingIndexOutOfBounds(FoodListTest.java:36)
</failure>
  </testcase>
</testsuite>