<?xml version="1.0" encoding="UTF-8"?>
<testsuite xmlns:xsi="http://www.w3.org/2001/XMLSchema-instance" xsi:noNamespaceSchemaLocation="https://maven.apache.org/surefire/maven-surefire-plugin/xsd/surefire-test-report.xsd" name="FoodTest" time="0.026" tests="7" errors="0" skipped="0" failures="0">
  <properties>
[...]
</properties>
  <testcase name="testIfExactPriceWhen0Mass" classname="FoodTest" time="0.009"/>
  <testcase name="testIfExactPriceWithQuantity" classname="FoodTest" time="0.001"/>
  <testcase name="testIfExactPriceWhenNotApplicable" classname="FoodTest" time="0.002"/>
  <testcase name="testIfExactPriceWhenQuantity0" classname="FoodTest" time="0.001"/>
  <testcase name="testIfExactPriceIsDisplayedProperly" classname="FoodTest" time="0.007"/>
  <testcase name="testIfPriceWhen0" classname="FoodTest" time="0.001"/>
  <testcase name="testIfPriceIsDisplayedProperly" classname="FoodTest" time="0.001"/>
</testsuite>